2026-06-01 23:15:52,523 WARNING Đăng nhập thất bại cho username: 'abc'
2026-06-01 23:16:00,378 WARNING Đăng nhập thất bại cho username: 'abc'
2026-06-01 23:16:22,338 WARNING Đăng nhập thất bại cho username: 'bao'
2026-06-01 23:16:26,289 INFO Người dùng 'bao' đăng nhập thành công.
2026-06-01 23:16:26,296 INFO Người dùng 'bao' truy cập Dashboard.
2026-06-01 23:16:35,769 WARNING Đang giả lập lỗi 500 (Giao dịch lỗi)...
2026-06-01 23:17:28,637 INFO Người dùng 'bao' truy cập trang Profile.
2026-06-01 23:17:33,104 INFO Người dùng 'bao' truy cập Dashboard.
2026-06-01 23:17:34,273 INFO Người dùng 'bao' truy cập trang Profile.
2026-06-01 23:17:43,635 INFO Người dùng 'bao' truy cập trang Profile.
2026-06-01 23:17:43,642 INFO Người dùng 'bao' đã thay đổi cấu hình tài khoản (Limit: 2000000.0).
2026-06-01 23:17:47,570 INFO Người dùng 'bao' truy cập Dashboard.
2026-06-01 23:18:28,343 INFO Người dùng 'bao' truy cập Dashboard.
2026-06-01 23:18:36,885 INFO Người dùng 'bao' truy cập Dashboard.
2026-06-01 23:19:05,045 INFO Người dùng 'bao' truy cập Dashboard.
2026-06-01 23:19:11,965 WARNING Đang giả lập lỗi 500 (Giao dịch lỗi)...
2026-06-02 11:01:32,161 WARNING Đăng nhập thất bại cho username: 'bao'
2026-06-02 11:02:18,874 INFO Người dùng 'bao' đăng nhập thành công.
2026-06-02 11:02:18,882 INFO Người dùng 'bao' truy cập Dashboard.
2026-06-02 11:03:16,926 INFO Người dùng 'bao' truy cập Dashboard.
2026-06-02 11:03:46,521 INFO Người dùng 'bao' truy cập Dashboard.
2026-06-02 11:04:03,124 INFO Người dùng 'bao' đã đăng xuất.
2026-06-02 11:04:28,547 WARNING Đăng nhập thất bại cho username: '123'
2026-06-02 11:36:32,677 WARNING Đăng nhập thất bại cho username: 'bao'
2026-06-02 11:36:37,856 WARNING Đăng nhập thất bại cho username: 'bao'
2026-06-02 11:36:41,589 WARNING Đăng nhập thất bại cho username: 'bao'
2026-06-02 11:37:35,475 INFO Người dùng 'bao' đăng nhập thành công.
2026-06-02 11:37:35,482 INFO Người dùng 'bao' truy cập Dashboard.
2026-06-02 11:52:04,107 INFO Người dùng 'bao' truy cập Dashboard.
2026-06-02 11:52:56,390 INFO Người dùng 'bao' truy cập Dashboard.
2026-06-02 12:42:03 WARNING Đăng nhập thất bại cho username: 'bao'
2026-06-02 12:48:40 INFO Đã tạo user mới: bao (ID: 1)
2026-06-02 12:48:40 INFO Đã tạo các danh mục mặc định cho user ID: 1
2026-06-02 12:49:10 INFO Người dùng 'bao' đăng nhập thành công.
2026-06-02 12:49:10 INFO Người dùng 'bao' truy cập Dashboard (Tháng 2026-06).
2026-06-02 12:49:19 INFO Người dùng 'bao' truy cập trang Profile.
2026-06-02 12:49:23 INFO Người dùng 'bao' đã thay đổi cấu hình tài khoản (Limit: 3000000).
2026-06-02 12:49:23 INFO Người dùng 'bao' truy cập trang Profile.
2026-06-02 12:49:26 INFO Người dùng 'bao' truy cập Dashboard (Tháng 2026-06).
2026-06-02 12:50:37 INFO User 1 đã thêm khoản chi: 20000 vào ngày 2026-06-02 (Category ID: 1)
2026-06-02 12:50:37 INFO Người dùng 'bao' truy cập Dashboard (Tháng 2026-06).
2026-06-02 12:50:55 INFO User 1 đã thêm khoản chi: 300000 vào ngày 2026-06-02 (Category ID: 3)
2026-06-02 12:50:55 INFO Người dùng 'bao' truy cập Dashboard (Tháng 2026-06).
2026-06-02 12:51:02 INFO Người dùng 'bao' truy cập Dashboard (Tháng 2026-06).
2026-06-02 12:51:03 INFO Người dùng 'bao' truy cập Dashboard (Tháng 2026-06).
2026-06-02 12:51:46 INFO User 1 đã thêm khoản chi: -0.01 vào ngày 2026-06-02 (Category ID: 1)
2026-06-02 12:51:46 INFO Người dùng 'bao' truy cập Dashboard (Tháng 2026-06).
2026-06-02 12:51:58 INFO User 1 đã thêm khoản chi: -90000 vào ngày 2026-06-02 (Category ID: 1)
2026-06-02 12:51:58 INFO Người dùng 'bao' truy cập Dashboard (Tháng 2026-06).
2026-06-02 12:52:06 INFO User 1 đã xóa giao dịch ID 4 (Số tiền: -90000)
2026-06-02 12:52:06 INFO Người dùng 'bao' truy cập Dashboard (Tháng 2026-06).
2026-06-02 12:52:10 INFO Người dùng 'bao' truy cập Dashboard (Tháng 2026-06).
2026-06-02 12:52:13 INFO Người dùng 'bao' truy cập Dashboard (Tháng 2026-01).
2026-06-02 12:52:16 INFO Người dùng 'bao' truy cập Dashboard (Tháng 2026-06).
2026-06-02 12:52:21 INFO Người dùng 'bao' truy cập trang Profile.
2026-06-02 12:52:26 INFO Người dùng 'bao' truy cập Dashboard (Tháng 2026-06).
2026-06-02 12:52:33 INFO User 1 đã thêm khoản chi: 3000000 vào ngày 2026-06-02 (Category ID: 1)
2026-06-02 12:52:33 INFO Người dùng 'bao' truy cập Dashboard (Tháng 2026-06).
2026-06-02 12:52:37 INFO Người dùng 'bao' truy cập trang Profile.
2026-06-02 12:52:38 INFO Người dùng 'bao' truy cập Dashboard (Tháng 2026-06).
2026-06-02 12:52:49 INFO Người dùng 'bao' truy cập Dashboard (Tháng 2026-06).
